#Build: Fabric Compiler 2022.1, Build 99559, Jul 12 00:20 2022
#Install: D:\PDS_2022.1\bin
#Application name: pds_shell.exe
#OS: Windows 10 10.0.26200
#Hostname: 小春子の读书郎学习机
Generated by Fabric Compiler (version 2022.1 build 99559) at Sat Apr 25 17:48:14 2026
Compiling verification operator library.
Compiling common defs.
Compiling prim grid devices.
Compiling gate devices.
Compiling gate operators.
Building architecture model.
Loading device packaging model.
Building architecture floorplan logic view.
Constraint check start.
Executing : def_port {led} LOC=T15 VCCIO=1.2 IOSTANDARD=LVCMOS12 DRIVE=2 SLEW=SLOW NONE=TRUE
Executing : def_port {led} LOC=T15 VCCIO=1.2 IOSTANDARD=LVCMOS12 DRIVE=2 SLEW=SLOW NONE=TRUE successfully
Executing : def_port {clk} LOC=A9 VCCIO=1.2 IOSTANDARD=LVCMOS12 PULLUP=TRUE
C: ConstraintEditor-2001: [C:/Users/happuking/Desktop/FPGA-CPU/device_map/led_top.pcf(line number: 4)] Object 'clk' is dangling, which has no connection. it will be ignored.
Executing : def_port {clk} LOC=A9 VCCIO=1.2 IOSTANDARD=LVCMOS12 PULLUP=TRUE failed
Executing : def_port {rst_n} LOC=T7 VCCIO=1.2 IOSTANDARD=LVCMOS12 PULLUP=TRUE
Executing : def_port {rst_n} LOC=T7 VCCIO=1.2 IOSTANDARD=LVCMOS12 PULLUP=TRUE successfully
Constraint check end.
I: Column Clock Check close.

Placement started.
Phase 1 Pre global placement started.
Mapping instance GRS_INST/grs_ccs to CCS_10_162.
Phase 1.1 1st GP placement started.
Design Utilization : 1%.
Wirelength after clock region global placement is 46.
1st GP placement takes 0.23 sec.

Phase 1.2 Clock placement started.
Clock placement takes 0.20 sec.

Pre global placement takes 0.62 sec.

Phase 2 Global placement started.
Phase 2.1 Fixed placement started.
Placed fixed group with base inst led_obuf/opit_1 on IOL_154_225.
Placed fixed group with base inst rst_n_ibuf/opit_1 on IOL_154_91.
Placed fixed instance GRS_INST/grs_ccs on CCS_10_162.
Placed fixed instance BKCL_auto_0 on BKCL_156_140.
Fixed placement takes 0.00 sec.

Phase 2.2 Process placement started.
Process placement takes 0.00 sec.

Phase 2.3 IO placement started.
IO placement takes 0.00 sec.

Phase 2.4 2nd GP placement started.
Run super clustering :
	Initial slack 2147483647.
	1 iterations finished.
	Final slack 2147483647.
Super clustering done.
Design Utilization : 1%.
2nd GP placement takes 0.19 sec.

Wirelength after global placement is 46.
Global placement takes 0.19 sec.

Phase 3 Post global placement started.
Post global placement takes 0.00 sec.

Phase 4 Legalization started.
The average distance in LP is 0.000000.
Wirelength after legalization is 46.
Legalization takes 0.00 sec.

Phase 5 Timing-driven detailed placement started.
Phase 5.1 Replication placement started.
Worst slack before Replication Place is 2147483647.
Replication placement takes 0.02 sec.

Wirelength after replication placement is 46.
Phase 5.2 DP placement started.
Legalized cost 2147483647.000000.
The detailed placement ends at 0th iteration.
DP placement takes 0.00 sec.

Wirelength after detailed placement is 46.
Timing-driven detailed placement takes 0.02 sec.

Worst slack is 2147483647, TNS after placement is 0.
Placement done.
Total placement takes 0.83 sec.
Finished placement. (CPU time elapsed 0h:00m:00s)

Routing started.
Building routing graph takes 0.11 sec.
Worst slack is 2147483647, TNS before global route is 0.
Processing design graph takes 0.02 sec.
Total memory for routing:
	20.888802 M.
Total nets for routing : 8.
Rcf routing step 1 processed 0 nets, it takes 0.00 sec.
Rcf routing step 2 processed 0 nets, it takes 0.00 sec.
Rcf routing step 3 processed 0 nets, it takes 0.00 sec.
Global routing takes 0.00 sec.
Total 8 subnets.
    forward max bucket size 51 , backward 9.
        Unrouted nets 0 at the end of iteration 0.
    route iteration 0, CPU time elapsed 0.000000 sec.
Detailed routing takes 0 iterations
Detailed routing takes 0.00 sec.
Start fix hold violation.
Build tmp routing results takes 0.00 sec.
Timing analysis takes 0.00 sec.
No hold violation.
Hold Violation Fix in router takes 0 iterations.
Fix hold violation Finished.
Hold Violation Fix in router takes 0.03 sec.

Dispose routing result:
    Collect routing result.
    Delete unused device instances.
    Annotate routing result.
    Change LUT configuration.
    Dispose misc instances.
    Annotate routing result again.
Finish routing takes 0.00 sec.
Used SRB routing arc is 15.
Cleanup routing takes 0.00 sec.
Routing done.
Total routing takes 0.19 sec.



Device Utilization Summary :
+------------------------------------------------------------------------+
| Logic Utilization     | Used     | Available     | Utilization(%)     
+------------------------------------------------------------------------+
| Use of CCS            | 1        | 1             | 100                
| Use of CLKDIV         | 0        | 4             | 0                  
| Use of CLKDLY         | 0        | 8             | 0                  
| Use of CLMA           | 1        | 592           | 1                  
|   FF                  | 0        | 3552          | 0                  
|   LUT                 | 1        | 2368          | 1                  
|   LUT-FF pairs        | 0        | 2368          | 0                  
| Use of CLMS           | 1        | 888           | 1                  
|   FF                  | 0        | 5328          | 0                  
|   LUT                 | 1        | 3552          | 1                  
|   LUT-FF pairs        | 0        | 3552          | 1                  
|   Distributed RAM     | 0        | 3552          | 0                  
| Use of DLL            | 0        | 2             | 0                  
| Use of DRM            | 0        | 26            | 0                  
| Use of IO             | 2        | 207           | 1                  
|   IOBD                | 0        | 20            | 0                  
|   IOBR                | 2        | 26            | 8                  
|   IOBS                | 0        | 161           | 0                  
| Use of IOCKBRG        | 0        | 2             | 0                  
| Use of IOCKGATE       | 0        | 4             | 0                  
| Use of IOL            | 2        | 336           | 1                  
| Use of IOLDLY         | 1        | 84            | 2                  
| Use of IOLDLYS        | 0        | 252           | 0                  
| Use of ISERDES        | 0        | 21            | 0                  
| Use of OSC            | 0        | 1             | 0                  
| Use of OSERDES        | 0        | 21            | 0                  
| Use of PLL            | 0        | 2             | 0                  
| Use of USCMD          | 0        | 2             | 0                  
| Use of USCMDC         | 0        | 8             | 0                  
| Use of USSMBUF        | 0        | 8             | 0                  
+------------------------------------------------------------------------+

Finished routing. (CPU time elapsed 0h:00m:00s)
Design 'led_top' has been placed and routed successfully.
Saving design to DB.
Finished placement and routing. (CPU time elapsed 0h:00m:02s)
Action pnr: Real time elapsed is 0h:0m:5s
Action pnr: CPU time elapsed is 0h:0m:3s
Action pnr: Process CPU time elapsed is 0h:0m:3s
Current time: Sat Apr 25 17:48:17 2026
Action pnr: Peak memory pool usage is 574 MB
