#Build: Fabric Compiler 2022.1, Build 99559, Jul 12 00:20 2022
#Install: D:\PDS_2022.1\bin
#Application name: pds_shell.exe
#OS: Windows 10 10.0.26200
#Hostname: 小春子の读书郎学习机
Generated by Fabric Compiler (version 2022.1 build 99559) at Sun Apr 26 09:52:28 2026
License checkout: fabric_ads
Compiling verification operator library.
Loading technology operator library.
Compiling technology operator library.
Compiling technology operator (valence) library.
I: Enable Verilog2k features and keywords
Start rtl-analyze.
Executing : .rtl_analyze -work work -include_path {C:/Users/happuking/Desktop/FPGA-CPU} C:/Users/happuking/Desktop/FPGA-CPU/source/CPU.v
I: Verilog-0001: Analyzing file C:/Users/happuking/Desktop/FPGA-CPU/source/CPU.v
I: Verilog-0002: [C:/Users/happuking/Desktop/FPGA-CPU/source/CPU.v(line number: 3)] Analyzing module led_top (library work)
Parsing done.
Executing : .rtl_analyze -work work -include_path {C:/Users/happuking/Desktop/FPGA-CPU} C:/Users/happuking/Desktop/FPGA-CPU/source/CPU.v successfully.
I: Module "led_top" is set as top module.
Executing : rtl-analyze successfully. Time elapsed: 1.064s wall, 0.000s user + 0.000s system = 0.000s CPU (n/a%)

Start rtl-elaborate.
I: Verilog-0003: [C:/Users/happuking/Desktop/FPGA-CPU/source/CPU.v(line number: 3)] Elaborating module led_top
Executing : rtl-elaborate successfully. Time elapsed: 0.000s wall, 0.000s user + 0.000s system = 0.000s CPU (n/a%)

Start rtl-prep.
Executing : rtl-prep successfully. Time elapsed: 0.000s wall, 0.000s user + 0.000s system = 0.000s CPU (n/a%)

Start rtl-infer.
Start DFF-inference.
Executing : DFF-inference successfully.
Executing : rtl-infer successfully. Time elapsed: 0.000s wall, 0.000s user + 0.000s system = 0.000s CPU (n/a%)

Start rtl-control-opt.
Executing : rtl-control-opt successfully. Time elapsed: 0.000s wall, 0.000s user + 0.000s system = 0.000s CPU (n/a%)

Start rtl-data-opt.
Executing : rtl-data-opt successfully. Time elapsed: 0.000s wall, 0.000s user + 0.000s system = 0.000s CPU (n/a%)

Start FSM inference.
Executing : FSM inference successfully. Time elapsed: 0.000s wall, 0.000s user + 0.000s system = 0.000s CPU (n/a%)

Start sdm2adm.
Executing : sdm2adm successfully. Time elapsed: 0.008s wall, 0.000s user + 0.000s system = 0.000s CPU (n/a%)

Saving design to DB.
Action compile: Real time elapsed is 0h:0m:3s
Action compile: CPU time elapsed is 0h:0m:0s
Action compile: Process CPU time elapsed is 0h:0m:0s
Current time: Sun Apr 26 09:52:30 2026
Action compile: Peak memory pool usage is 137 MB
