#Build: Fabric Compiler 2022.1, Build 99559, Jul 12 00:20 2022
#Install: D:\PDS_2022.1\bin
#Application name: pds_shell.exe
#OS: Windows 10 10.0.26200
#Hostname: 小春子の读书郎学习机
Generated by Fabric Compiler (version 2022.1 build 99559) at Sun Apr 26 10:04:34 2026
License checkout: fabric_ads
Compiling verification operator library.
Loading technology operator library.
Compiling technology operator library.
Compiling technology operator (valence) library.
I: Enable Verilog2k features and keywords
Start rtl-analyze.
Executing : .rtl_analyze -work work -include_path {C:/Users/happuking/Desktop/FPGA-CPU} C:/Users/happuking/Desktop/FPGA-CPU/source/CPU.v
I: Verilog-0001: Analyzing file C:/Users/happuking/Desktop/FPGA-CPU/source/CPU.v
I: Verilog-0002: [C:/Users/happuking/Desktop/FPGA-CPU/source/CPU.v(line number: 1)] Analyzing module top (library work)
Parsing done.
Executing : .rtl_analyze -work work -include_path {C:/Users/happuking/Desktop/FPGA-CPU} C:/Users/happuking/Desktop/FPGA-CPU/source/CPU.v successfully.
Executing : .rtl_analyze -work work -include_path {C:/Users/happuking/Desktop/FPGA-CPU} C:/Users/happuking/Desktop/FPGA-CPU/source/wb_ram.v
I: Verilog-0001: Analyzing file C:/Users/happuking/Desktop/FPGA-CPU/source/wb_ram.v
I: Verilog-0002: [C:/Users/happuking/Desktop/FPGA-CPU/source/wb_ram.v(line number: 1)] Analyzing module wb_ram (library work)
Parsing done.
Executing : .rtl_analyze -work work -include_path {C:/Users/happuking/Desktop/FPGA-CPU} C:/Users/happuking/Desktop/FPGA-CPU/source/wb_ram.v successfully.
Executing : .rtl_analyze -work work -include_path {C:/Users/happuking/Desktop/FPGA-CPU} C:/Users/happuking/Desktop/FPGA-CPU/source/VexRiscv.v
I: Verilog-0001: Analyzing file C:/Users/happuking/Desktop/FPGA-CPU/source/VexRiscv.v
I: Verilog-0002: [C:/Users/happuking/Desktop/FPGA-CPU/source/VexRiscv.v(line number: 3)] Analyzing module VexRiscv (library work)
W: Verilog-2010: [C:/Users/happuking/Desktop/FPGA-CPU/source/VexRiscv.v(line number: 60)] Ignore initial statements except memory $readmemh/$readmemb initialization statements
E: Verilog-4109: [C:/Users/happuking/Desktop/FPGA-CPU/source/VexRiscv.v(line number: 60)] Declarations is not allowed in unnamed block
E: Parsing ERROR.
Executing : .rtl_analyze -work work -include_path {C:/Users/happuking/Desktop/FPGA-CPU} C:/Users/happuking/Desktop/FPGA-CPU/source/VexRiscv.v successfully.
I: Module "top" is set as top module.
Program Error Out.
Action compile: Real time elapsed is 0h:0m:3s
Action compile: CPU time elapsed is 0h:0m:0s
Action compile: Process CPU time elapsed is 0h:0m:0s
Current time: Sun Apr 26 10:04:36 2026
Action compile: Peak memory pool usage is 128 MB
