#Build: Fabric Compiler 2022.1, Build 99559, Jul 12 00:20 2022
#Install: D:\PDS_2022.1\bin
#Application name: pds_shell.exe
#OS: Windows 10 10.0.26200
#Hostname: 小春子の读书郎学习机
Generated by Fabric Compiler (version 2022.1 build 99559) at Sat Apr 25 17:48:12 2026
Compiling verification operator library.
Compiling common defs.
Loading technology operator library.
Compiling technology operator library.
Compiling technology operator (valence) library.
Compiling operator packing rules.
Compiling prim grid devices.
Compiling gate devices.
Compiling gate operators.
Compiling tech operator impls.
Building architecture model.
Loading device packaging model.
Reading design from translate DB.
Flattening design 'led_top'
Device mapping started.
Optimizing circuit logic.
Checking design netlist.
Processing tech operator.
Converting tech operator to gate operator.
Processing gate operator.
Device mapping done.
Total device mapping takes 0.00 sec.

Device Utilization Summary:
+------------------------------------------------------------------------+
| Logic Utilization     | Used     | Available     | Utilization(%)     
+------------------------------------------------------------------------+
| FF                    | 0        | 8880          | 0                  
| LUT                   | 1        | 5920          | 1                  
| Distributed RAM       | 0        | 3552          | 0                  
| DLL                   | 0        | 2             | 0                  
| DRM                   | 0        | 26            | 0                  
| IO                    | 2        | 207           | 1                  
| IOCKGATE              | 0        | 4             | 0                  
| PLL                   | 0        | 2             | 0                  
| USCMDC                | 0        | 8             | 0                  
| USCMD                 | 0        | 2             | 0                  
| IOCKBRG               | 0        | 2             | 0                  
| OSERDES               | 0        | 21            | 0                  
| ISERDES               | 0        | 21            | 0                  
| IOLDLY                | 0        | 84            | 0                  
| IOLDLYS               | 0        | 252           | 0                  
| CLKDLY                | 0        | 8             | 0                  
| CLKDIV                | 0        | 4             | 0                  
| CCS                   | 1        | 1             | 100                
| OSC                   | 0        | 1             | 0                  
| USSMBUF               | 0        | 8             | 0                  
+------------------------------------------------------------------------+

Design 'led_top' has been successfully mapped to architecture-specific objects.
Saving design to DB.
Action dev_map: Real time elapsed is 0h:0m:3s
Action dev_map: CPU time elapsed is 0h:0m:1s
Action dev_map: Process CPU time elapsed is 0h:0m:1s
Current time: Sat Apr 25 17:48:13 2026
Action dev_map: Peak memory pool usage is 160 MB
