#Build: Fabric Compiler 2022.1, Build 99559, Jul 12 00:20 2022
#Install: D:\PDS_2022.1\bin
#Application name: pds_shell.exe
#OS: Windows 10 10.0.26200
#Hostname: 小春子の读书郎学习机
Generated by Fabric Compiler (version 2022.1 build 99559) at Sat Apr 25 17:48:21 2026
Compiling verification operator library.
Compiling common defs.
Compiling prim grid devices.
Compiling gate devices.
Compiling gate operators.
Building architecture model.
Loading device packaging model.
Reading design from DB.
C: ConstraintEditor-2008:  | The state of the assigned pin [A9] conflicts with the config mode and cannot be assigned to the port [clk].
Start Generating Programming File...
Reading design from DB takes 0.015625 sec.
Generating architecture configuration.
The bitstream file is "C:/Users/happuking/Desktop/FPGA-CPU/generate_bitstream/led_top.sbit"
Generate programming file takes 0.250000 sec.
Generating Programming File done.
Action gen_bit_stream: Real time elapsed is 0h:0m:3s
Action gen_bit_stream: CPU time elapsed is 0h:0m:1s
Action gen_bit_stream: Process CPU time elapsed is 0h:0m:1s
Current time: Sat Apr 25 17:48:22 2026
Action gen_bit_stream: Peak memory pool usage is 201 MB
