#Build: Fabric Compiler 2022.1, Build 99559, Jul 12 00:20 2022
#Install: D:\PDS_2022.1\bin
#Application name: pds_shell.exe
#OS: Windows 10 10.0.26200
#Hostname: 小春子の读书郎学习机
Generated by Fabric Compiler (version 2022.1 build 99559) at Sun Apr 26 10:09:26 2026
License checkout: fabric_ads
Compiling verification operator library.
Loading technology operator library.
Compiling technology operator library.
Compiling technology operator (valence) library.
I: Enable Verilog2k features and keywords
Start rtl-analyze.
Executing : .rtl_analyze -work work -include_path {C:/Users/happuking/Desktop/FPGA-CPU} C:/Users/happuking/Desktop/FPGA-CPU/source/CPU.v
I: Verilog-0001: Analyzing file C:/Users/happuking/Desktop/FPGA-CPU/source/CPU.v
I: Verilog-0002: [C:/Users/happuking/Desktop/FPGA-CPU/source/CPU.v(line number: 1)] Analyzing module top (library work)
Parsing done.
Executing : .rtl_analyze -work work -include_path {C:/Users/happuking/Desktop/FPGA-CPU} C:/Users/happuking/Desktop/FPGA-CPU/source/CPU.v successfully.
Executing : .rtl_analyze -work work -include_path {C:/Users/happuking/Desktop/FPGA-CPU} C:/Users/happuking/Desktop/FPGA-CPU/source/wb_ram.v
I: Verilog-0001: Analyzing file C:/Users/happuking/Desktop/FPGA-CPU/source/wb_ram.v
I: Verilog-0002: [C:/Users/happuking/Desktop/FPGA-CPU/source/wb_ram.v(line number: 1)] Analyzing module wb_ram (library work)
Parsing done.
Executing : .rtl_analyze -work work -include_path {C:/Users/happuking/Desktop/FPGA-CPU} C:/Users/happuking/Desktop/FPGA-CPU/source/wb_ram.v successfully.
Executing : .rtl_analyze -work work -include_path {C:/Users/happuking/Desktop/FPGA-CPU} C:/Users/happuking/Desktop/FPGA-CPU/source/VexRiscv.v
I: Verilog-0001: Analyzing file C:/Users/happuking/Desktop/FPGA-CPU/source/VexRiscv.v
I: Verilog-0002: [C:/Users/happuking/Desktop/FPGA-CPU/source/VexRiscv.v(line number: 1)] Analyzing module VexRiscv (library work)
W: Verilog-2010: [C:/Users/happuking/Desktop/FPGA-CPU/source/VexRiscv.v(line number: 57)] Ignore initial statements except memory $readmemh/$readmemb initialization statements
Parsing done.
Executing : .rtl_analyze -work work -include_path {C:/Users/happuking/Desktop/FPGA-CPU} C:/Users/happuking/Desktop/FPGA-CPU/source/VexRiscv.v successfully.
I: Module "top" is set as top module.
Executing : rtl-analyze successfully. Time elapsed: 1.073s wall, 0.016s user + 0.000s system = 0.016s CPU (1.5%)

Start rtl-elaborate.
I: Verilog-0003: [C:/Users/happuking/Desktop/FPGA-CPU/source/CPU.v(line number: 1)] Elaborating module top
I: Verilog-0004: [C:/Users/happuking/Desktop/FPGA-CPU/source/CPU.v(line number: 33)] Elaborating instance u_cpu
I: Verilog-0003: [C:/Users/happuking/Desktop/FPGA-CPU/source/VexRiscv.v(line number: 1)] Elaborating module VexRiscv
I: Verilog-0004: [C:/Users/happuking/Desktop/FPGA-CPU/source/CPU.v(line number: 45)] Elaborating instance u_ram
I: Verilog-0003: [C:/Users/happuking/Desktop/FPGA-CPU/source/wb_ram.v(line number: 1)] Elaborating module wb_ram
I: Module instance {top.u_ram} parameter value:
    DEPTH = 32'b00000000000000000100000000000000
Executing : rtl-elaborate successfully. Time elapsed: 0.002s wall, 0.000s user + 0.000s system = 0.000s CPU (n/a%)

Start rtl-prep.
Executing : rtl-prep successfully. Time elapsed: 0.001s wall, 0.000s user + 0.000s system = 0.000s CPU (n/a%)

Start rtl-infer.
Start DFF-inference.
Executing : DFF-inference successfully.
I: Removed inst wishbone_stb that is redundant to wishbone_cyc.
I: Sdm-0001: [C:/Users/happuking/Desktop/FPGA-CPU/source/wb_ram.v(line number: 20)] Found Ram mem, depth=16384, width=32.
Executing : rtl-infer successfully. Time elapsed: 0.031s wall, 0.016s user + 0.016s system = 0.031s CPU (102.4%)

Start rtl-control-opt.
Executing : rtl-control-opt successfully. Time elapsed: 0.000s wall, 0.000s user + 0.000s system = 0.000s CPU (n/a%)

Start rtl-data-opt.
Executing : rtl-data-opt successfully. Time elapsed: 0.000s wall, 0.000s user + 0.000s system = 0.000s CPU (n/a%)

Start FSM inference.
I: FSM state_fsm[1:0] inferred.
Executing : FSM inference successfully. Time elapsed: 0.007s wall, 0.000s user + 0.000s system = 0.000s CPU (n/a%)

Start sdm2adm.
W: Loop was found during constant probe.
W: Loop was found during constant probe.
Executing : sdm2adm successfully. Time elapsed: 0.028s wall, 0.016s user + 0.016s system = 0.031s CPU (111.0%)

Saving design to DB.
Action compile: Real time elapsed is 0h:0m:3s
Action compile: CPU time elapsed is 0h:0m:0s
Action compile: Process CPU time elapsed is 0h:0m:0s
Current time: Sun Apr 26 10:09:27 2026
Action compile: Peak memory pool usage is 169 MB
