#Build: Fabric Compiler 2022.1, Build 99559, Jul 12 00:20 2022
#Install: D:\PDS_2022.1\bin
#Application name: pds_shell.exe
#OS: Windows 10 10.0.26200
#Hostname: 小春子の读书郎学习机
Generated by Fabric Compiler (version 2022.1 build 99559) at Sun Apr 26 17:39:49 2026
License checkout: fabric_ads
Compiling verification operator library.
Compiling common defs.
Loading technology operator library.
Compiling technology operator library.
Compiling technology operator (valence) library.
Reading design from compile DB
Reading design from compile DB successfully.
Constraint check start.
Compiling prim grid devices.
Building architecture model.
Loading device packaging model.
Building architecture floorplan logic view.
C: ConstraintEditor-2002: [C:/Users/happuking/Desktop/FPGA-RISC-V-CPU/FPGA-CPU.fdc(line number: 14)] | Port rst_n has been placed at location K18, whose type is share pin.
Constraint check end.
C: SDC-2025: Clock source 'n:clk_50m' need a clock constraint, please use 'create_clock' or 'create_generate_clock' to generate.
Executing : get_ports clk_50m
Executing : get_ports clk_50m successfully.
Executing : create_clock -name top|clk_50m [get_ports clk_50m] -period 1000.000 -waveform {0.000 500.000} -add
Executing : create_clock -name top|clk_50m [get_ports clk_50m] -period 1000.000 -waveform {0.000 500.000} -add successfully.
Executing : set_clock_groups -name Inferred_clock_group_0 -asynchronous -group top|clk_50m
Executing : set_clock_groups -name Inferred_clock_group_0 -asynchronous -group top|clk_50m successfully.
Start pre-mapping.
I: Encoding type of FSM 'state_fsm[3:0]' is: onehot.
I: [C:/Users/happuking/Desktop/FPGA-RISC-V-CPU/source/VexRiscv.v(line number:23)] The user initial state for regs on FSM state_fsm[3:0] is 0000 and be encoded 001.
I: Encoding table of FSM 'state_fsm[3:0]':
I: from  u_cpu/state[3] u_cpu/state[2] u_cpu/state[1] u_cpu/state[0]
I: to  u_cpu/state_2 u_cpu/state_1 u_cpu/state_0
I: 0000 => 001
I: 0001 => 010
I: 0010 => 100
I: Encoding type of FSM 'wishbone_dat_w_fsm[31:0]' is: onehot.
I: [C:/Users/happuking/Desktop/FPGA-RISC-V-CPU/source/VexRiscv.v(line number:23)] The user initial state for regs on FSM wishbone_dat_w_fsm[31:0] is 00000000000000000000000000000000 and be encoded 00001.
I: Encoding table of FSM 'wishbone_dat_w_fsm[31:0]':
I: from  u_cpu/wishbone_dat_w[31] u_cpu/wishbone_dat_w[30] u_cpu/wishbone_dat_w[29] u_cpu/wishbone_dat_w[28] u_cpu/wishbone_dat_w[27] u_cpu/wishbone_dat_w[26] u_cpu/wishbone_dat_w[25] u_cpu/wishbone_dat_w[24] u_cpu/wishbone_dat_w[23] u_cpu/wishbone_dat_w[22] u_cpu/wishbone_dat_w[21] u_cpu/wishbone_dat_w[20] u_cpu/wishbone_dat_w[19] u_cpu/wishbone_dat_w[18] u_cpu/wishbone_dat_w[17] u_cpu/wishbone_dat_w[16] u_cpu/wishbone_dat_w[15] u_cpu/wishbone_dat_w[14] u_cpu/wishbone_dat_w[13] u_cpu/wishbone_dat_w[12] u_cpu/wishbone_dat_w[11] u_cpu/wishbone_dat_w[10] u_cpu/wishbone_dat_w[9] u_cpu/wishbone_dat_w[8] u_cpu/wishbone_dat_w[7] u_cpu/wishbone_dat_w[6] u_cpu/wishbone_dat_w[5] u_cpu/wishbone_dat_w[4] u_cpu/wishbone_dat_w[3] u_cpu/wishbone_dat_w[2] u_cpu/wishbone_dat_w[1] u_cpu/wishbone_dat_w[0]
I: to  u_cpu/wishbone_dat_w_4 u_cpu/wishbone_dat_w_3 u_cpu/wishbone_dat_w_2 u_cpu/wishbone_dat_w_1 u_cpu/wishbone_dat_w_0
I: 00000000000000000000000000000000 => 00001
I: 00000000000000000000000001001000 => 00010
I: 00000000000000000000000001100101 => 00100
I: 00000000000000000000000001101100 => 01000
I: 00000000000000000000000001101111 => 10000
I: Constant propagation done on u_cpu/N154 (bmsREDOR).
I: Constant propagation done on u_cpu/wishbone_dat_w_fsm[31:0]_4 (bmsREDOR).
W: Removed bmsWIDEDFFCPE inst cnt[15:0] at 10 that is stuck at constant 0.
I: Constant propagation done on u_uart/cnt[15:0] (bmsWIDEDFFCPE).
Executing : pre-mapping successfully. Time elapsed: 0.017s wall, 0.016s user + 0.000s system = 0.016s CPU (89.8%)

Start mod-gen.
W: Public-4008: Instance 'u_uart/wb_dat_r[31:0]' of 'bmsWIDEDFFCPE' unit is dangling and will be cleaned.
W: Removed bmsWIDEDFFCPE inst u_uart/data[7:0] at 4 that is stuck at constant 0.
W: Removed bmsWIDEDFFCPE inst u_uart/data[7:0] at 7 that is stuck at constant 0.
I: Constant propagation done on u_uart/data[7:0] (bmsWIDEDFFCPE).
I: Constant propagation done on out_xor (bmsREDXOR).
I: Constant propagation done on out_xor_1 (bmsREDXOR).
I: Constant propagation done on out_xor_2 (bmsREDXOR).
I: Constant propagation done on out_xor_3 (bmsREDXOR).
I: Constant propagation done on out_xor_4 (bmsREDXOR).
I: Constant propagation done on out_xor_5 (bmsREDXOR).
Executing : mod-gen successfully. Time elapsed: 0.035s wall, 0.047s user + 0.000s system = 0.047s CPU (133.5%)

Start logic-optimization.
W: Removed bmsWIDEDFFCPE inst u_cpu/pc[31:0] at 0 that is stuck at constant 0.
W: Removed bmsWIDEDFFCPE inst u_cpu/pc[31:0] at 1 that is stuck at constant 0.
Executing : logic-optimization successfully. Time elapsed: 0.047s wall, 0.047s user + 0.000s system = 0.047s CPU (99.2%)

Start tech-mapping phase 1.
W: Public-4008: Instance 'u_uart/data[4]' of 'bmsWIDEDFFCPE' unit is dangling and will be cleaned.
W: Public-4008: Instance 'u_uart/data[5]' of 'bmsWIDEDFFCPE' unit is dangling and will be cleaned.
W: Public-4008: Instance 'u_uart/data[7]' of 'bmsWIDEDFFCPE' unit is dangling and will be cleaned.
W: Public-4008: Instance 'u_uart/cnt[10]' of 'bmsWIDEDFFCPE' unit is dangling and will be cleaned.
W: Public-4008: Instance 'u_uart/cnt[11]' of 'bmsWIDEDFFCPE' unit is dangling and will be cleaned.
W: Public-4008: Instance 'u_uart/cnt[12]' of 'bmsWIDEDFFCPE' unit is dangling and will be cleaned.
W: Public-4008: Instance 'u_uart/cnt[13]' of 'bmsWIDEDFFCPE' unit is dangling and will be cleaned.
W: Public-4008: Instance 'u_uart/cnt[14]' of 'bmsWIDEDFFCPE' unit is dangling and will be cleaned.
W: Public-4008: Instance 'u_uart/cnt[15]' of 'bmsWIDEDFFCPE' unit is dangling and will be cleaned.
W: Public-4008: Instance 'u_cpu/wishbone_adr[0]' of 'bmsWIDEDFFCPE' unit is dangling and will be cleaned.
W: Public-4008: Instance 'u_cpu/wishbone_adr[1]' of 'bmsWIDEDFFCPE' unit is dangling and will be cleaned.
W: Public-4008: Instance 'u_cpu/wishbone_adr[2]' of 'bmsWIDEDFFCPE' unit is dangling and will be cleaned.
W: Public-4008: Instance 'u_cpu/wishbone_adr[3]' of 'bmsWIDEDFFCPE' unit is dangling and will be cleaned.
W: Public-4008: Instance 'u_cpu/wishbone_adr[4]' of 'bmsWIDEDFFCPE' unit is dangling and will be cleaned.
W: Public-4008: Instance 'u_cpu/wishbone_adr[5]' of 'bmsWIDEDFFCPE' unit is dangling and will be cleaned.
W: Public-4008: Instance 'u_cpu/wishbone_adr[6]' of 'bmsWIDEDFFCPE' unit is dangling and will be cleaned.
W: Public-4008: Instance 'u_cpu/wishbone_adr[7]' of 'bmsWIDEDFFCPE' unit is dangling and will be cleaned.
W: Public-4008: Instance 'u_cpu/wishbone_adr[8]' of 'bmsWIDEDFFCPE' unit is dangling and will be cleaned.
W: Public-4008: Instance 'u_cpu/wishbone_adr[9]' of 'bmsWIDEDFFCPE' unit is dangling and will be cleaned.
W: Public-4008: Instance 'u_cpu/wishbone_adr[10]' of 'bmsWIDEDFFCPE' unit is dangling and will be cleaned.
W: Public-4008: Instance 'u_cpu/wishbone_adr[11]' of 'bmsWIDEDFFCPE' unit is dangling and will be cleaned.
W: Public-4008: Instance 'u_cpu/wishbone_adr[12]' of 'bmsWIDEDFFCPE' unit is dangling and will be cleaned.
W: Public-4008: Instance 'u_cpu/wishbone_adr[13]' of 'bmsWIDEDFFCPE' unit is dangling and will be cleaned.
W: Public-4008: Instance 'u_cpu/wishbone_adr[14]' of 'bmsWIDEDFFCPE' unit is dangling and will be cleaned.
W: Public-4008: Instance 'u_cpu/wishbone_adr[15]' of 'bmsWIDEDFFCPE' unit is dangling and will be cleaned.
W: Public-4008: Instance 'u_cpu/wishbone_adr[16]' of 'bmsWIDEDFFCPE' unit is dangling and will be cleaned.
W: Public-4008: Instance 'u_cpu/wishbone_adr[17]' of 'bmsWIDEDFFCPE' unit is dangling and will be cleaned.
W: Public-4008: Instance 'u_cpu/wishbone_adr[18]' of 'bmsWIDEDFFCPE' unit is dangling and will be cleaned.
W: Public-4008: Instance 'u_cpu/wishbone_adr[19]' of 'bmsWIDEDFFCPE' unit is dangling and will be cleaned.
W: Public-4008: Instance 'u_cpu/wishbone_adr[20]' of 'bmsWIDEDFFCPE' unit is dangling and will be cleaned.
W: Public-4008: Instance 'u_cpu/wishbone_adr[21]' of 'bmsWIDEDFFCPE' unit is dangling and will be cleaned.
W: Public-4008: Instance 'u_cpu/wishbone_adr[22]' of 'bmsWIDEDFFCPE' unit is dangling and will be cleaned.
W: Public-4008: Instance 'u_cpu/wishbone_adr[23]' of 'bmsWIDEDFFCPE' unit is dangling and will be cleaned.
W: Public-4008: Instance 'u_cpu/wishbone_adr[24]' of 'bmsWIDEDFFCPE' unit is dangling and will be cleaned.
W: Public-4008: Instance 'u_cpu/wishbone_adr[25]' of 'bmsWIDEDFFCPE' unit is dangling and will be cleaned.
W: Public-4008: Instance 'u_cpu/wishbone_adr[26]' of 'bmsWIDEDFFCPE' unit is dangling and will be cleaned.
W: Public-4008: Instance 'u_cpu/wishbone_adr[27]' of 'bmsWIDEDFFCPE' unit is dangling and will be cleaned.
W: Public-4008: Instance 'u_cpu/pc[0]' of 'bmsWIDEDFFCPE' unit is dangling and will be cleaned.
W: Public-4008: Instance 'u_cpu/pc[1]' of 'bmsWIDEDFFCPE' unit is dangling and will be cleaned.
Executing : tech-mapping phase 1 successfully. Time elapsed: 0.006s wall, 0.000s user + 0.000s system = 0.000s CPU (n/a%)

Start tech-mapping phase 2.
Executing : tech-mapping phase 2 successfully. Time elapsed: 0.037s wall, 0.031s user + 0.000s system = 0.031s CPU (83.9%)

Start tech-optimization.
Executing : tech-optimization successfully. Time elapsed: 0.009s wall, 0.016s user + 0.000s system = 0.016s CPU (165.9%)

Start phys-optimization.
Executing : phys-optimization successfully. Time elapsed: 0.000s wall, 0.000s user + 0.000s system = 0.000s CPU (n/a%)

Start restore-hierarchy.
Executing : restore-hierarchy successfully. Time elapsed: 0.002s wall, 0.000s user + 0.000s system = 0.000s CPU (n/a%)

W: Unable to honor max fanout constraint for gtp_inv driven net rst
W: Unable to honor max fanout constraint for gtp_inv driven net rst

Cell Usage:
GTP_DFF_C                    28 uses
GTP_DFF_CE                   93 uses
GTP_DFF_PE                    3 uses
GTP_GRS                       1 use
GTP_INV                       2 uses
GTP_LUT1                      3 uses
GTP_LUT2                     19 uses
GTP_LUT3                      6 uses
GTP_LUT4                     10 uses
GTP_LUT5                     19 uses
GTP_LUT5CARRY                93 uses
GTP_LUT5M                     2 uses

I/O ports: 4
GTP_INBUF                   2 uses
GTP_OUTBUF                  2 uses

Mapping Summary:
Total LUTs: 152 of 42800 (0.36%)
	LUTs as dram: 0 of 17000 (0.00%)
	LUTs as logic: 152
Total Registers: 124 of 64200 (0.19%)
Total Latches: 0

DRM18K:
Total DRM18K = 0.0 of 134 (0.00%)

APMs:
Total APMs = 0.00 of 84 (0.00%)

Total I/O ports = 4 of 296 (1.35%)


Overview of Control Sets:

Number of unique control sets : 9

Histogram:
**************************************************************
  Fanout      | Count    | Sync Set/Reset    Async Set/Reset
--------------------------------------------------------------
  [0, 2)      | 1        | 0                 1
  [2, 4)      | 1        | 0                 1
  [4, 6)      | 3        | 0                 3
  [6, 8)      | 1        | 0                 1
  [8, 10)     | 0        | 0                 0
  [10, 12)    | 1        | 0                 1
  [12, 14)    | 0        | 0                 0
  [14, 16)    | 0        | 0                 0
  [16, Inf)   | 2        | 0                 2
--------------------------------------------------------------
  The maximum fanout: 62
==============================================================

Flip-Flop Distribution:
************************************************************************
  Clock Enable    Sync Set/Reset    Async Set/Reset    Total Registers
------------------------------------------------------------------------
  NO              NO                NO                 0
  NO              NO                YES                28
  NO              YES               NO                 0
  YES             NO                NO                 0
  YES             NO                YES                96
  YES             YES               NO                 0
========================================================================

Latch Distribution:
************************************************
  Gate Enable    Preset/Clear    Total Latches
************************************************
  NO             NO              0
  NO             YES             0
  YES            NO              0
  YES            YES             0
************************************************

Design 'top' has been successfully synthesized to architecture-specific objects.
Saving design to DB.
Saving design to top_syn.vm
Constructing timing graph ...
Timing graph has been constructed successfully
W: Timing-4087: Port 'led_test' is not constrained, it is treated as combinational output.
W: Timing-4087: Port 'uart_tx' is not constrained, it is treated as combinational output.
W: Timing-4086: Port 'rst_n' is not constrained, it is treated as combinational input.
Action synthesize: Real time elapsed is 0h:0m:4s
Action synthesize: CPU time elapsed is 0h:0m:2s
Action synthesize: Process CPU time elapsed is 0h:0m:2s
Current time: Sun Apr 26 17:39:51 2026
Action synthesize: Peak memory pool usage is 265 MB
