#Build: Fabric Compiler 2022.1, Build 99559, Jul 12 00:20 2022
#Install: D:\PDS_2022.1\bin
#Application name: pds_shell.exe
#OS: Windows 10 10.0.26200
#Hostname: 小春子の读书郎学习机
Generated by Fabric Compiler (version 2022.1 build 99559) at Sun Apr 26 10:09:28 2026
License checkout: fabric_ads
Compiling verification operator library.
Compiling common defs.
Loading technology operator library.
Compiling technology operator library.
Compiling technology operator (valence) library.
Reading design from compile DB
Reading design from compile DB successfully.
Constraint check start.
Compiling prim grid devices.
Building architecture model.
Loading device packaging model.
Building architecture floorplan logic view.
C: ConstraintEditor-2002: [C:/Users/happuking/Desktop/FPGA-CPU/FPGA-CPU.fdc(line number: 14)] | Port rst_n has been placed at location K18, whose type is share pin.
Constraint check end.
C: SDC-2025: Clock source 'n:clk_50m' need a clock constraint, please use 'create_clock' or 'create_generate_clock' to generate.
Executing : get_ports clk_50m
Executing : get_ports clk_50m successfully.
Executing : create_clock -name top|clk_50m [get_ports clk_50m] -period 1000.000 -waveform {0.000 500.000} -add
Executing : create_clock -name top|clk_50m [get_ports clk_50m] -period 1000.000 -waveform {0.000 500.000} -add successfully.
Executing : set_clock_groups -name Inferred_clock_group_0 -asynchronous -group top|clk_50m
Executing : set_clock_groups -name Inferred_clock_group_0 -asynchronous -group top|clk_50m successfully.
Start pre-mapping.
I: Encoding type of FSM 'state_fsm[1:0]' is: onehot.
I: [C:/Users/happuking/Desktop/FPGA-CPU/source/VexRiscv.v(line number:22)] The user initial state for regs on FSM state_fsm[1:0] is 00 and be encoded 01.
I: Encoding table of FSM 'state_fsm[1:0]':
I: from  u_cpu/state[1] u_cpu/state[0]
I: to  u_cpu/state_1 u_cpu/state_0
I: 00 => 01
I: 01 => 10
W: Public-4008: Instance 'state_1' of 'bmsWIDEDFFCPE' unit is dangling and will be cleaned.
Executing : pre-mapping successfully. Time elapsed: 0.012s wall, 0.000s user + 0.000s system = 0.000s CPU (n/a%)

Start mod-gen.
W: Public-4008: Instance 'u_ram/wb_ack' of 'bmsWIDEDFFCPE' unit is dangling and will be cleaned.
W: Public-4008: Instance 'u_cpu/state_0' of 'bmsWIDEDFFCPE' unit is dangling and will be cleaned.
W: Public-4008: Instance 'u_cpu/wishbone_dat_w[31:0]' of 'bmsWIDEDFFCPE' unit is dangling and will be cleaned.
W: Public-4008: Instance 'u_cpu/pc[31:0]' of 'bmsWIDEDFFCPE' unit is dangling and will be cleaned.
W: Public-4008: Instance 'u_cpu/wishbone_adr[31:0]' of 'bmsWIDEDFFCPE' unit is dangling and will be cleaned.
W: Public-4008: Instance 'u_cpu/wishbone_cyc' of 'bmsWIDEDFFCPE' unit is dangling and will be cleaned.
Executing : mod-gen successfully. Time elapsed: 0.009s wall, 0.016s user + 0.000s system = 0.016s CPU (176.3%)

Start logic-optimization.
Executing : logic-optimization successfully. Time elapsed: 0.017s wall, 0.016s user + 0.000s system = 0.016s CPU (93.5%)

Start tech-mapping phase 1.
Executing : tech-mapping phase 1 successfully. Time elapsed: 0.001s wall, 0.000s user + 0.000s system = 0.000s CPU (n/a%)

Start tech-mapping phase 2.
Executing : tech-mapping phase 2 successfully. Time elapsed: 0.004s wall, 0.000s user + 0.000s system = 0.000s CPU (n/a%)

Start tech-optimization.
Executing : tech-optimization successfully. Time elapsed: 0.002s wall, 0.000s user + 0.000s system = 0.000s CPU (n/a%)

Start phys-optimization.
Executing : phys-optimization successfully. Time elapsed: 0.000s wall, 0.000s user + 0.000s system = 0.000s CPU (n/a%)

Start restore-hierarchy.
Executing : restore-hierarchy successfully. Time elapsed: 0.000s wall, 0.000s user + 0.000s system = 0.000s CPU (n/a%)


Cell Usage:
GTP_DFF_C                    25 uses
GTP_GRS                       1 use
GTP_INV                       1 use
GTP_LUT1                      1 use
GTP_LUT5CARRY                24 uses

I/O ports: 3
GTP_INBUF                   2 uses
GTP_OUTBUF                  1 use

Mapping Summary:
Total LUTs: 25 of 42800 (0.06%)
	LUTs as dram: 0 of 17000 (0.00%)
	LUTs as logic: 25
Total Registers: 25 of 64200 (0.04%)
Total Latches: 0

DRM18K:
Total DRM18K = 0.0 of 134 (0.00%)

APMs:
Total APMs = 0.00 of 84 (0.00%)

Total I/O ports = 3 of 296 (1.01%)


Overview of Control Sets:

Number of unique control sets : 1

Histogram:
**************************************************************
  Fanout      | Count    | Sync Set/Reset    Async Set/Reset
--------------------------------------------------------------
  [0, 2)      | 0        | 0                 0
  [2, 4)      | 0        | 0                 0
  [4, 6)      | 0        | 0                 0
  [6, 8)      | 0        | 0                 0
  [8, 10)     | 0        | 0                 0
  [10, 12)    | 0        | 0                 0
  [12, 14)    | 0        | 0                 0
  [14, 16)    | 0        | 0                 0
  [16, Inf)   | 1        | 0                 1
--------------------------------------------------------------
  The maximum fanout: 25
==============================================================

Flip-Flop Distribution:
************************************************************************
  Clock Enable    Sync Set/Reset    Async Set/Reset    Total Registers
------------------------------------------------------------------------
  NO              NO                NO                 0
  NO              NO                YES                25
  NO              YES               NO                 0
  YES             NO                NO                 0
  YES             NO                YES                0
  YES             YES               NO                 0
========================================================================

Latch Distribution:
************************************************
  Gate Enable    Preset/Clear    Total Latches
************************************************
  NO             NO              0
  NO             YES             0
  YES            NO              0
  YES            YES             0
************************************************

Design 'top' has been successfully synthesized to architecture-specific objects.
Saving design to DB.
Saving design to top_syn.vm
Constructing timing graph ...
Timing graph has been constructed successfully
W: Timing-4087: Port 'led_test' is not constrained, it is treated as combinational output.
W: Timing-4086: Port 'rst_n' is not constrained, it is treated as combinational input.
Action synthesize: Real time elapsed is 0h:0m:3s
Action synthesize: CPU time elapsed is 0h:0m:2s
Action synthesize: Process CPU time elapsed is 0h:0m:2s
Current time: Sun Apr 26 10:09:30 2026
Action synthesize: Peak memory pool usage is 252 MB
