#Build: Fabric Compiler 2022.1, Build 99559, Jul 12 00:20 2022
#Install: D:\PDS_2022.1\bin
#Application name: pds_shell.exe
#OS: Windows 10 10.0.26200
#Hostname: 小春子の读书郎学习机
Generated by Fabric Compiler (version 2022.1 build 99559) at Sun Apr 26 10:06:32 2026
License checkout: fabric_ads
Compiling verification operator library.
Compiling common defs.
Loading technology operator library.
Compiling technology operator library.
Compiling technology operator (valence) library.
Reading design from compile DB
Reading design from compile DB successfully.
Constraint check start.
Compiling prim grid devices.
Building architecture model.
Loading device packaging model.
Building architecture floorplan logic view.
E: ConstraintEditor-0046: [C:/Users/happuking/Desktop/FPGA-CPU/FPGA-CPU.fdc(line number: 1)] Object 'p:led' can not be found in current view.
E: ConstraintEditor-0046: [C:/Users/happuking/Desktop/FPGA-CPU/FPGA-CPU.fdc(line number: 2)] Object 'p:led' can not be found in current view.
E: ConstraintEditor-0046: [C:/Users/happuking/Desktop/FPGA-CPU/FPGA-CPU.fdc(line number: 3)] Object 'p:led' can not be found in current view.
E: ConstraintEditor-0046: [C:/Users/happuking/Desktop/FPGA-CPU/FPGA-CPU.fdc(line number: 4)] Object 'p:led' can not be found in current view.
E: ConstraintEditor-0046: [C:/Users/happuking/Desktop/FPGA-CPU/FPGA-CPU.fdc(line number: 5)] Object 'p:led' can not be found in current view.
E: ConstraintEditor-0046: [C:/Users/happuking/Desktop/FPGA-CPU/FPGA-CPU.fdc(line number: 6)] Object 'p:led' can not be found in current view.
E: ConstraintEditor-0046: [C:/Users/happuking/Desktop/FPGA-CPU/FPGA-CPU.fdc(line number: 7)] Object 'p:led' can not be found in current view.
E: ConstraintEditor-0046: [C:/Users/happuking/Desktop/FPGA-CPU/FPGA-CPU.fdc(line number: 8)] Object 'p:clk' can not be found in current view.
E: ConstraintEditor-0046: [C:/Users/happuking/Desktop/FPGA-CPU/FPGA-CPU.fdc(line number: 9)] Object 'p:clk' can not be found in current view.
E: ConstraintEditor-0046: [C:/Users/happuking/Desktop/FPGA-CPU/FPGA-CPU.fdc(line number: 10)] Object 'p:clk' can not be found in current view.
E: ConstraintEditor-0046: [C:/Users/happuking/Desktop/FPGA-CPU/FPGA-CPU.fdc(line number: 11)] Object 'p:clk' can not be found in current view.
E: ConstraintEditor-0046: [C:/Users/happuking/Desktop/FPGA-CPU/FPGA-CPU.fdc(line number: 12)] Object 'p:clk' can not be found in current view.
E: ConstraintEditor-0046: [C:/Users/happuking/Desktop/FPGA-CPU/FPGA-CPU.fdc(line number: 18)] Object 'p:clk' can not be found in current view.
E: ConstraintEditor-0046: [C:/Users/happuking/Desktop/FPGA-CPU/FPGA-CPU.fdc(line number: 19)] Object 'p:clk' can not be found in current view.
E: ConstraintEditor-0046: [C:/Users/happuking/Desktop/FPGA-CPU/FPGA-CPU.fdc(line number: 20)] Object 'p:clk' can not be found in current view.
E: ConstraintEditor-0046: [C:/Users/happuking/Desktop/FPGA-CPU/FPGA-CPU.fdc(line number: 21)] Object 'p:clk' can not be found in current view.
E: ConstraintEditor-0046: [C:/Users/happuking/Desktop/FPGA-CPU/FPGA-CPU.fdc(line number: 22)] Object 'p:clk' can not be found in current view.
C: ConstraintEditor-2002: [C:/Users/happuking/Desktop/FPGA-CPU/FPGA-CPU.fdc(line number: 14)] | Port rst_n has been placed at location K18, whose type is share pin.
Constraint check end.
Action synthesize: Real time elapsed is 0h:0m:3s
Action synthesize: CPU time elapsed is 0h:0m:2s
Action synthesize: Process CPU time elapsed is 0h:0m:2s
Current time: Sun Apr 26 10:06:34 2026
Action synthesize: Peak memory pool usage is 223 MB
