#Build: Fabric Compiler 2022.1, Build 99559, Jul 12 00:20 2022
#Install: D:\PDS_2022.1\bin
#Application name: pds_shell.exe
#OS: Windows 10 10.0.26200
#Hostname: 小春子の读书郎学习机
Generated by Fabric Compiler (version 2022.1 build 99559) at Sun Apr 26 10:14:34 2026
Compiling verification operator library.
Compiling common defs.
Loading technology operator library.
Compiling technology operator library.
Compiling technology operator (valence) library.
Compiling operator packing rules.
Compiling prim grid devices.
Compiling gate devices.
Compiling gate operators.
Compiling tech operator impls.
Building architecture model.
Loading device packaging model.
Reading design from translate DB.
Flattening design 'top'
Device mapping started.
Optimizing circuit logic.
Checking design netlist.
Processing tech operator.
I: The instance clkbufg_0(GTP_CLKBUFG) has been inserted on the net nt_clk_50m in design, driver pin O(instance clk_50m_ibuf) -> load pin CLK(instance cnt[0]).
Converting tech operator to gate operator.
Processing gate operator.
I: Infer CARRY group, base inst: N4_0_1/gateop, insts:24.
I: Infer CARRY group, base inst: u_uart/N26_2_1/gateop, insts:8.
Device mapping done.
Total device mapping takes 0.00 sec.

Device Utilization Summary:
+------------------------------------------------------------------------+
| Logic Utilization     | Used     | Available     | Utilization(%)     
+------------------------------------------------------------------------+
| APM                   | 0        | 84            | 0                  
| IOCKDLY               | 0        | 40            | 0                  
| FF                    | 39       | 64200         | 1                  
| LUT                   | 43       | 42800         | 1                  
| Distributed RAM       | 0        | 17000         | 0                  
| DLL                   | 0        | 10            | 0                  
| DQSL                  | 0        | 18            | 0                  
| DRM                   | 0        | 134           | 0                  
| FUSECODE              | 0        | 1             | 0                  
| IO                    | 4        | 296           | 2                  
| IOCKDIV               | 0        | 20            | 0                  
| IOCKGATE              | 0        | 20            | 0                  
| IPAL                  | 0        | 1             | 0                  
| PLL                   | 0        | 5             | 0                  
| RCKB                  | 0        | 24            | 0                  
| SCANCHAIN             | 0        | 2             | 0                  
| START                 | 0        | 1             | 0                  
| USCM                  | 1        | 30            | 4                  
| HSST                  | 0        | 1             | 0                  
| OSC                   | 0        | 1             | 0                  
| CRYSTAL               | 0        | 2             | 0                  
| RESCAL                | 0        | 4             | 0                  
| UDID                  | 0        | 1             | 0                  
| PCIE                  | 0        | 1             | 0                  
+------------------------------------------------------------------------+

Design 'top' has been successfully mapped to architecture-specific objects.
Saving design to DB.
W: Public-4010: Pcf file C:/Users/happuking/Desktop/FPGA-CPU/device_map/led_top.pcf has been covered.
Action dev_map: Real time elapsed is 0h:0m:4s
Action dev_map: CPU time elapsed is 0h:0m:2s
Action dev_map: Process CPU time elapsed is 0h:0m:2s
Current time: Sun Apr 26 10:14:36 2026
Action dev_map: Peak memory pool usage is 232 MB
