---------------------------------------------------------------------------------------------------------------------------------
Notes: 
  Total_num: the numbers of add/sub in rtl
  Module Name: the module name of the instantiated module calling directly the add/sub sub module
  Location/Inst Name: if linefile info exists(no optimization), print the codes location of add/sub in rtl, else print the inst name
  Count: the amount of lutcarry for add/sub
  Number: the numbers of add/sub with the same lutcarry counts and linefile

Detailed RTL Component Info :
-----Add :
               Total_Num :3
-----Sub :
               Total_Num :0
-----AddSub :
               Total_Num :0

Add_Sub_AddSub: Initial Mapping Report :
|--------------------|---------|---------|---------|-----------------------------------------------|
|Module Name         |Type     |Count    |Number   |Location/Inst Name                             |
|--------------------|---------|---------|---------|-----------------------------------------------|
|top                 |Add      |25       |1        |../source/CPU.v:14                             |
|--------------------|---------|---------|---------|-----------------------------------------------|
|u_cpu               |Add      |23       |1        |../source/VexRiscv.v:51                        |
|--------------------|---------|---------|---------|-----------------------------------------------|
|u_uart              |Add      |10       |1        |../source/uart_wb.v:53                         |
|--------------------|---------|---------|---------|-----------------------------------------------|

---------------------------------------------------------------------------------------------------------------------------------

