#Build: Fabric Compiler 2022.1, Build 99559, Jul 12 00:20 2022
#Install: D:\PDS_2022.1\bin
#Application name: pds_shell.exe
#OS: Windows 10 10.0.26200
#Hostname: 小春子の读书郎学习机
Generated by Fabric Compiler (version 2022.1 build 99559) at Sun Apr 26 17:41:45 2026
License checkout: fabric_ads
Compiling verification operator library.
Compiling common defs.
Loading technology operator library.
Compiling technology operator library.
Compiling technology operator (valence) library.
Reading design from compile DB
Reading design from compile DB successfully.
Constraint check start.
Compiling prim grid devices.
Building architecture model.
Loading device packaging model.
Building architecture floorplan logic view.
C: ConstraintEditor-2002: [C:/Users/happuking/Desktop/FPGA-RISC-V-CPU/FPGA-CPU.fdc(line number: 14)] | Port rst_n has been placed at location K18, whose type is share pin.
Constraint check end.
C: SDC-2025: Clock source 'n:clk_50m' need a clock constraint, please use 'create_clock' or 'create_generate_clock' to generate.
Executing : get_ports clk_50m
Executing : get_ports clk_50m successfully.
Executing : create_clock -name top|clk_50m [get_ports clk_50m] -period 1000.000 -waveform {0.000 500.000} -add
Executing : create_clock -name top|clk_50m [get_ports clk_50m] -period 1000.000 -waveform {0.000 500.000} -add successfully.
Executing : set_clock_groups -name Inferred_clock_group_0 -asynchronous -group top|clk_50m
Executing : set_clock_groups -name Inferred_clock_group_0 -asynchronous -group top|clk_50m successfully.
Start pre-mapping.
I: Encoding type of FSM 'state_fsm[3:0]' is: onehot.
I: [C:/Users/happuking/Desktop/FPGA-RISC-V-CPU/source/VexRiscv.v(line number:33)] The user initial state for regs on FSM state_fsm[3:0] is 0001 and be encoded 01.
I: Encoding table of FSM 'state_fsm[3:0]':
I: from  u_cpu/state[3] u_cpu/state[2] u_cpu/state[1] u_cpu/state[0]
I: to  u_cpu/state_1 u_cpu/state_0
I: 0001 => 01
I: 0010 => 10
W: Public-4008: Instance 'state_1' of 'bmsWIDEDFFCPE' unit is dangling and will be cleaned.
I: Constant propagation done on u_cpu/state_fsm[3:0]_1 (bmsREDOR).
W: Removed bmsWIDEDFFCPE inst wishbone_adr[31:0] at 0 that is stuck at constant 0.
I: Constant propagation done on u_cpu/wishbone_adr[31:0] (bmsWIDEDFFCPE).
W: Removed bmsWIDEDFFCPE inst wishbone_dat_w[31:0] at 4 that is stuck at constant 0.
I: Constant propagation done on u_cpu/wishbone_dat_w[31:0] (bmsWIDEDFFCPE).
W: Removed bmsWIDEDFFCPE inst cnt[15:0] at 10 that is stuck at constant 0.
I: Constant propagation done on u_uart/cnt[15:0] (bmsWIDEDFFCPE).
Executing : pre-mapping successfully. Time elapsed: 0.013s wall, 0.016s user + 0.000s system = 0.016s CPU (123.4%)

Start mod-gen.
W: Public-4008: Instance 'u_uart/wb_dat_r[31:0]' of 'bmsWIDEDFFCPE' unit is dangling and will be cleaned.
I: Constant propagation done on N26 (bmsWIDEINV).
I: Constant propagation done on N27 (bmsWIDEINV).
I: Constant propagation done on N28 (bmsWIDEINV).
I: Constant propagation done on N29 (bmsREDAND).
I: Constant propagation done on N31 (bmsREDAND).
W: Removed bmsWIDEDFFCPE inst u_uart/data[7:0] at 4 that is stuck at constant 0.
W: Removed bmsWIDEDFFCPE inst u_uart/data[7:0] at 7 that is stuck at constant 0.
I: Constant propagation done on u_uart/data[7:0] (bmsWIDEDFFCPE).
Executing : mod-gen successfully. Time elapsed: 0.024s wall, 0.031s user + 0.000s system = 0.031s CPU (132.4%)

Start logic-optimization.
Executing : logic-optimization successfully. Time elapsed: 0.038s wall, 0.031s user + 0.000s system = 0.031s CPU (81.8%)

Start tech-mapping phase 1.
W: Public-4008: Instance 'u_uart/data[4]' of 'bmsWIDEDFFCPE' unit is dangling and will be cleaned.
W: Public-4008: Instance 'u_uart/data[5]' of 'bmsWIDEDFFCPE' unit is dangling and will be cleaned.
W: Public-4008: Instance 'u_uart/data[7]' of 'bmsWIDEDFFCPE' unit is dangling and will be cleaned.
W: Public-4008: Instance 'u_uart/cnt[10]' of 'bmsWIDEDFFCPE' unit is dangling and will be cleaned.
W: Public-4008: Instance 'u_uart/cnt[11]' of 'bmsWIDEDFFCPE' unit is dangling and will be cleaned.
W: Public-4008: Instance 'u_uart/cnt[12]' of 'bmsWIDEDFFCPE' unit is dangling and will be cleaned.
W: Public-4008: Instance 'u_uart/cnt[13]' of 'bmsWIDEDFFCPE' unit is dangling and will be cleaned.
W: Public-4008: Instance 'u_uart/cnt[14]' of 'bmsWIDEDFFCPE' unit is dangling and will be cleaned.
W: Public-4008: Instance 'u_uart/cnt[15]' of 'bmsWIDEDFFCPE' unit is dangling and will be cleaned.
W: Public-4008: Instance 'u_cpu/wishbone_dat_w[4]' of 'bmsWIDEDFFCPE' unit is dangling and will be cleaned.
W: Public-4008: Instance 'u_cpu/wishbone_dat_w[5]' of 'bmsWIDEDFFCPE' unit is dangling and will be cleaned.
W: Public-4008: Instance 'u_cpu/wishbone_dat_w[7]' of 'bmsWIDEDFFCPE' unit is dangling and will be cleaned.
W: Public-4008: Instance 'u_cpu/wishbone_dat_w[8]' of 'bmsWIDEDFFCPE' unit is dangling and will be cleaned.
W: Public-4008: Instance 'u_cpu/wishbone_dat_w[9]' of 'bmsWIDEDFFCPE' unit is dangling and will be cleaned.
W: Public-4008: Instance 'u_cpu/wishbone_dat_w[10]' of 'bmsWIDEDFFCPE' unit is dangling and will be cleaned.
W: Public-4008: Instance 'u_cpu/wishbone_dat_w[11]' of 'bmsWIDEDFFCPE' unit is dangling and will be cleaned.
W: Public-4008: Instance 'u_cpu/wishbone_dat_w[12]' of 'bmsWIDEDFFCPE' unit is dangling and will be cleaned.
W: Public-4008: Instance 'u_cpu/wishbone_dat_w[13]' of 'bmsWIDEDFFCPE' unit is dangling and will be cleaned.
W: Public-4008: Instance 'u_cpu/wishbone_dat_w[14]' of 'bmsWIDEDFFCPE' unit is dangling and will be cleaned.
W: Public-4008: Instance 'u_cpu/wishbone_dat_w[15]' of 'bmsWIDEDFFCPE' unit is dangling and will be cleaned.
W: Public-4008: Instance 'u_cpu/wishbone_dat_w[16]' of 'bmsWIDEDFFCPE' unit is dangling and will be cleaned.
W: Public-4008: Instance 'u_cpu/wishbone_dat_w[17]' of 'bmsWIDEDFFCPE' unit is dangling and will be cleaned.
W: Public-4008: Instance 'u_cpu/wishbone_dat_w[18]' of 'bmsWIDEDFFCPE' unit is dangling and will be cleaned.
W: Public-4008: Instance 'u_cpu/wishbone_dat_w[19]' of 'bmsWIDEDFFCPE' unit is dangling and will be cleaned.
W: Public-4008: Instance 'u_cpu/wishbone_dat_w[20]' of 'bmsWIDEDFFCPE' unit is dangling and will be cleaned.
W: Public-4008: Instance 'u_cpu/wishbone_dat_w[21]' of 'bmsWIDEDFFCPE' unit is dangling and will be cleaned.
W: Public-4008: Instance 'u_cpu/wishbone_dat_w[22]' of 'bmsWIDEDFFCPE' unit is dangling and will be cleaned.
W: Public-4008: Instance 'u_cpu/wishbone_dat_w[23]' of 'bmsWIDEDFFCPE' unit is dangling and will be cleaned.
W: Public-4008: Instance 'u_cpu/wishbone_dat_w[24]' of 'bmsWIDEDFFCPE' unit is dangling and will be cleaned.
W: Public-4008: Instance 'u_cpu/wishbone_dat_w[25]' of 'bmsWIDEDFFCPE' unit is dangling and will be cleaned.
W: Public-4008: Instance 'u_cpu/wishbone_dat_w[26]' of 'bmsWIDEDFFCPE' unit is dangling and will be cleaned.
W: Public-4008: Instance 'u_cpu/wishbone_dat_w[27]' of 'bmsWIDEDFFCPE' unit is dangling and will be cleaned.
W: Public-4008: Instance 'u_cpu/wishbone_dat_w[28]' of 'bmsWIDEDFFCPE' unit is dangling and will be cleaned.
W: Public-4008: Instance 'u_cpu/wishbone_dat_w[29]' of 'bmsWIDEDFFCPE' unit is dangling and will be cleaned.
W: Public-4008: Instance 'u_cpu/wishbone_dat_w[30]' of 'bmsWIDEDFFCPE' unit is dangling and will be cleaned.
W: Public-4008: Instance 'u_cpu/wishbone_dat_w[31]' of 'bmsWIDEDFFCPE' unit is dangling and will be cleaned.
W: Public-4008: Instance 'u_cpu/wishbone_adr[0]' of 'bmsWIDEDFFCPE' unit is dangling and will be cleaned.
W: Public-4008: Instance 'u_cpu/wishbone_adr[1]' of 'bmsWIDEDFFCPE' unit is dangling and will be cleaned.
W: Public-4008: Instance 'u_cpu/wishbone_adr[2]' of 'bmsWIDEDFFCPE' unit is dangling and will be cleaned.
W: Public-4008: Instance 'u_cpu/wishbone_adr[3]' of 'bmsWIDEDFFCPE' unit is dangling and will be cleaned.
W: Public-4008: Instance 'u_cpu/wishbone_adr[4]' of 'bmsWIDEDFFCPE' unit is dangling and will be cleaned.
W: Public-4008: Instance 'u_cpu/wishbone_adr[5]' of 'bmsWIDEDFFCPE' unit is dangling and will be cleaned.
W: Public-4008: Instance 'u_cpu/wishbone_adr[6]' of 'bmsWIDEDFFCPE' unit is dangling and will be cleaned.
W: Public-4008: Instance 'u_cpu/wishbone_adr[7]' of 'bmsWIDEDFFCPE' unit is dangling and will be cleaned.
W: Public-4008: Instance 'u_cpu/wishbone_adr[8]' of 'bmsWIDEDFFCPE' unit is dangling and will be cleaned.
W: Public-4008: Instance 'u_cpu/wishbone_adr[9]' of 'bmsWIDEDFFCPE' unit is dangling and will be cleaned.
W: Public-4008: Instance 'u_cpu/wishbone_adr[10]' of 'bmsWIDEDFFCPE' unit is dangling and will be cleaned.
W: Public-4008: Instance 'u_cpu/wishbone_adr[11]' of 'bmsWIDEDFFCPE' unit is dangling and will be cleaned.
W: Public-4008: Instance 'u_cpu/wishbone_adr[12]' of 'bmsWIDEDFFCPE' unit is dangling and will be cleaned.
W: Public-4008: Instance 'u_cpu/wishbone_adr[13]' of 'bmsWIDEDFFCPE' unit is dangling and will be cleaned.
W: Public-4008: Instance 'u_cpu/wishbone_adr[14]' of 'bmsWIDEDFFCPE' unit is dangling and will be cleaned.
W: Public-4008: Instance 'u_cpu/wishbone_adr[15]' of 'bmsWIDEDFFCPE' unit is dangling and will be cleaned.
W: Public-4008: Instance 'u_cpu/wishbone_adr[16]' of 'bmsWIDEDFFCPE' unit is dangling and will be cleaned.
W: Public-4008: Instance 'u_cpu/wishbone_adr[17]' of 'bmsWIDEDFFCPE' unit is dangling and will be cleaned.
W: Public-4008: Instance 'u_cpu/wishbone_adr[18]' of 'bmsWIDEDFFCPE' unit is dangling and will be cleaned.
W: Public-4008: Instance 'u_cpu/wishbone_adr[19]' of 'bmsWIDEDFFCPE' unit is dangling and will be cleaned.
W: Public-4008: Instance 'u_cpu/wishbone_adr[20]' of 'bmsWIDEDFFCPE' unit is dangling and will be cleaned.
W: Public-4008: Instance 'u_cpu/wishbone_adr[21]' of 'bmsWIDEDFFCPE' unit is dangling and will be cleaned.
W: Public-4008: Instance 'u_cpu/wishbone_adr[22]' of 'bmsWIDEDFFCPE' unit is dangling and will be cleaned.
W: Public-4008: Instance 'u_cpu/wishbone_adr[23]' of 'bmsWIDEDFFCPE' unit is dangling and will be cleaned.
W: Public-4008: Instance 'u_cpu/wishbone_adr[24]' of 'bmsWIDEDFFCPE' unit is dangling and will be cleaned.
W: Public-4008: Instance 'u_cpu/wishbone_adr[25]' of 'bmsWIDEDFFCPE' unit is dangling and will be cleaned.
W: Public-4008: Instance 'u_cpu/wishbone_adr[26]' of 'bmsWIDEDFFCPE' unit is dangling and will be cleaned.
W: Public-4008: Instance 'u_cpu/wishbone_adr[27]' of 'bmsWIDEDFFCPE' unit is dangling and will be cleaned.
W: Public-4008: Instance 'u_cpu/wishbone_adr[29]' of 'bmsWIDEDFFCPE' unit is dangling and will be cleaned.
W: Public-4008: Instance 'u_cpu/wishbone_adr[30]' of 'bmsWIDEDFFCPE' unit is dangling and will be cleaned.
W: Public-4008: Instance 'u_cpu/wishbone_adr[31]' of 'bmsWIDEDFFCPE' unit is dangling and will be cleaned.
Executing : tech-mapping phase 1 successfully. Time elapsed: 0.006s wall, 0.000s user + 0.000s system = 0.000s CPU (n/a%)

Start tech-mapping phase 2.
Executing : tech-mapping phase 2 successfully. Time elapsed: 0.032s wall, 0.031s user + 0.000s system = 0.031s CPU (98.2%)

Start tech-optimization.
Executing : tech-optimization successfully. Time elapsed: 0.007s wall, 0.016s user + 0.000s system = 0.016s CPU (235.3%)

Start phys-optimization.
Executing : phys-optimization successfully. Time elapsed: 0.000s wall, 0.000s user + 0.000s system = 0.000s CPU (n/a%)

Start restore-hierarchy.
Executing : restore-hierarchy successfully. Time elapsed: 0.001s wall, 0.000s user + 0.000s system = 0.000s CPU (n/a%)

W: Unable to honor max fanout constraint for gtp_inv driven net rst
W: Unable to honor max fanout constraint for gtp_inv driven net rst

Cell Usage:
GTP_DFF_C                    29 uses
GTP_DFF_CE                   50 uses
GTP_DFF_P                     1 use
GTP_DFF_PE                    1 use
GTP_GRS                       1 use
GTP_INV                       2 uses
GTP_LUT1                      1 use
GTP_LUT2                      8 uses
GTP_LUT3                      8 uses
GTP_LUT4                      9 uses
GTP_LUT5                      8 uses
GTP_LUT5CARRY                54 uses
GTP_LUT5M                     5 uses

I/O ports: 4
GTP_INBUF                   2 uses
GTP_OUTBUF                  2 uses

Mapping Summary:
Total LUTs: 93 of 42800 (0.22%)
	LUTs as dram: 0 of 17000 (0.00%)
	LUTs as logic: 93
Total Registers: 81 of 64200 (0.13%)
Total Latches: 0

DRM18K:
Total DRM18K = 0.0 of 134 (0.00%)

APMs:
Total APMs = 0.00 of 84 (0.00%)

Total I/O ports = 4 of 296 (1.35%)


Overview of Control Sets:

Number of unique control sets : 8

Histogram:
**************************************************************
  Fanout      | Count    | Sync Set/Reset    Async Set/Reset
--------------------------------------------------------------
  [0, 2)      | 1        | 0                 1
  [2, 4)      | 1        | 0                 1
  [4, 6)      | 2        | 0                 2
  [6, 8)      | 1        | 0                 1
  [8, 10)     | 0        | 0                 0
  [10, 12)    | 1        | 0                 1
  [12, 14)    | 0        | 0                 0
  [14, 16)    | 0        | 0                 0
  [16, Inf)   | 2        | 0                 2
--------------------------------------------------------------
  The maximum fanout: 30
==============================================================

Flip-Flop Distribution:
************************************************************************
  Clock Enable    Sync Set/Reset    Async Set/Reset    Total Registers
------------------------------------------------------------------------
  NO              NO                NO                 0
  NO              NO                YES                30
  NO              YES               NO                 0
  YES             NO                NO                 0
  YES             NO                YES                51
  YES             YES               NO                 0
========================================================================

Latch Distribution:
************************************************
  Gate Enable    Preset/Clear    Total Latches
************************************************
  NO             NO              0
  NO             YES             0
  YES            NO              0
  YES            YES             0
************************************************

Design 'top' has been successfully synthesized to architecture-specific objects.
Saving design to DB.
Saving design to top_syn.vm
Constructing timing graph ...
Timing graph has been constructed successfully
W: Timing-4087: Port 'led_test' is not constrained, it is treated as combinational output.
W: Timing-4087: Port 'uart_tx' is not constrained, it is treated as combinational output.
W: Timing-4086: Port 'rst_n' is not constrained, it is treated as combinational input.
Action synthesize: Real time elapsed is 0h:0m:4s
Action synthesize: CPU time elapsed is 0h:0m:2s
Action synthesize: Process CPU time elapsed is 0h:0m:2s
Current time: Sun Apr 26 17:41:48 2026
Action synthesize: Peak memory pool usage is 264 MB
